filename     , method , norme , relax , regul , ePredA , ePredB , ePredavg , eDistrA , eDistrB , eDistravg , cpu   
tab1.txt     , joint  , 0     , 0.40  , 0.10  , 0.189  , 0.132  , 0.161    , 0.121   , 0.112   , 0.116     , 0.11  
tab10.txt    , joint  , 0     , 0.40  , 0.10  , 0.203  , 0.146  , 0.174    , 0.115   , 0.132   , 0.124     , 0.12  
tab100.txt   , joint  , 0     , 0.40  , 0.10  , 0.205  , 0.062  , 0.134    , 0.078   , 0.068   , 0.073     , 0.14  
tab11.txt    , joint  , 0     , 0.40  , 0.10  , 0.232  , 0.093  , 0.163    , 0.059   , 0.094   , 0.076     , 0.11  
tab12.txt    , joint  , 0     , 0.40  , 0.10  , 0.215  , 0.071  , 0.143    , 0.062   , 0.048   , 0.055     , 0.11  
tab13.txt    , joint  , 0     , 0.40  , 0.10  , 0.216  , 0.073  , 0.144    , 0.083   , 0.030   , 0.056     , 0.15  
tab14.txt    , joint  , 0     , 0.40  , 0.10  , 0.217  , 0.077  , 0.147    , 0.091   , 0.036   , 0.064     , 0.10  
tab15.txt    , joint  , 0     , 0.40  , 0.10  , 0.202  , 0.052  , 0.127    , 0.070   , 0.023   , 0.047     , 0.10  
tab16.txt    , joint  , 0     , 0.40  , 0.10  , 0.226  , 0.068  , 0.147    , 0.067   , 0.110   , 0.088     , 0.16  
tab17.txt    , joint  , 0     , 0.40  , 0.10  , 0.203  , 0.054  , 0.129    , 0.119   , 0.067   , 0.093     , 0.15  
tab18.txt    , joint  , 0     , 0.40  , 0.10  , 0.215  , 0.065  , 0.140    , 0.160   , 0.022   , 0.091     , 0.15  
tab19.txt    , joint  , 0     , 0.40  , 0.10  , 0.274  , 0.073  , 0.173    , 0.217   , 0.065   , 0.141     , 0.11  
tab2.txt     , joint  , 0     , 0.40  , 0.10  , 0.228  , 0.047  , 0.138    , 0.170   , 0.079   , 0.125     , 0.10  
tab20.txt    , joint  , 0     , 0.40  , 0.10  , 0.183  , 0.062  , 0.122    , 0.090   , 0.087   , 0.088     , 0.10  
tab21.txt    , joint  , 0     , 0.40  , 0.10  , 0.203  , 0.060  , 0.132    , 0.071   , 0.043   , 0.057     , 0.11  
tab22.txt    , joint  , 0     , 0.40  , 0.10  , 0.174  , 0.067  , 0.120    , 0.038   , 0.035   , 0.037     , 0.10  
tab23.txt    , joint  , 0     , 0.40  , 0.10  , 0.185  , 0.070  , 0.128    , 0.070   , 0.055   , 0.062     , 0.10  
tab24.txt    , joint  , 0     , 0.40  , 0.10  , 0.209  , 0.074  , 0.141    , 0.063   , 0.017   , 0.040     , 0.11  
tab25.txt    , joint  , 0     , 0.40  , 0.10  , 0.233  , 0.070  , 0.151    , 0.072   , 0.046   , 0.059     , 0.11  
tab26.txt    , joint  , 0     , 0.40  , 0.10  , 0.176  , 0.067  , 0.121    , 0.074   , 0.064   , 0.069     , 0.10  
tab27.txt    , joint  , 0     , 0.40  , 0.10  , 0.208  , 0.051  , 0.130    , 0.091   , 0.056   , 0.073     , 0.11  
tab28.txt    , joint  , 0     , 0.40  , 0.10  , 0.209  , 0.079  , 0.144    , 0.086   , 0.091   , 0.088     , 0.10  
tab29.txt    , joint  , 0     , 0.40  , 0.10  , 0.188  , 0.085  , 0.137    , 0.069   , 0.053   , 0.061     , 0.10  
tab3.txt     , joint  , 0     , 0.40  , 0.10  , 0.187  , 0.096  , 0.141    , 0.114   , 0.094   , 0.104     , 0.12  
tab30.txt    , joint  , 0     , 0.40  , 0.10  , 0.218  , 0.088  , 0.153    , 0.071   , 0.085   , 0.078     , 0.10  
tab31.txt    , joint  , 0     , 0.40  , 0.10  , 0.208  , 0.060  , 0.134    , 0.112   , 0.063   , 0.088     , 0.10  
tab32.txt    , joint  , 0     , 0.40  , 0.10  , 0.224  , 0.061  , 0.142    , 0.109   , 0.063   , 0.086     , 0.11  
tab33.txt    , joint  , 0     , 0.40  , 0.10  , 0.193  , 0.056  , 0.124    , 0.063   , 0.050   , 0.057     , 0.13  
tab34.txt    , joint  , 0     , 0.40  , 0.10  , 0.192  , 0.060  , 0.126    , 0.102   , 0.088   , 0.095     , 0.11  
tab35.txt    , joint  , 0     , 0.40  , 0.10  , 0.227  , 0.069  , 0.148    , 0.117   , 0.051   , 0.084     , 0.11  
tab36.txt    , joint  , 0     , 0.40  , 0.10  , 0.199  , 0.059  , 0.129    , 0.128   , 0.037   , 0.082     , 0.10  
tab37.txt    , joint  , 0     , 0.40  , 0.10  , 0.206  , 0.067  , 0.137    , 0.066   , 0.019   , 0.042     , 0.10  
tab38.txt    , joint  , 0     , 0.40  , 0.10  , 0.212  , 0.065  , 0.139    , 0.093   , 0.056   , 0.075     , 0.13  
tab39.txt    , joint  , 0     , 0.40  , 0.10  , 0.207  , 0.143  , 0.175    , 0.095   , 0.099   , 0.097     , 0.10  
tab4.txt     , joint  , 0     , 0.40  , 0.10  , 0.207  , 0.078  , 0.142    , 0.083   , 0.083   , 0.083     , 0.10  
tab40.txt    , joint  , 0     , 0.40  , 0.10  , 0.206  , 0.058  , 0.132    , 0.081   , 0.025   , 0.053     , 0.11  
tab41.txt    , joint  , 0     , 0.40  , 0.10  , 0.220  , 0.064  , 0.142    , 0.065   , 0.050   , 0.058     , 0.10  
tab42.txt    , joint  , 0     , 0.40  , 0.10  , 0.212  , 0.067  , 0.140    , 0.079   , 0.054   , 0.066     , 0.10  
tab43.txt    , joint  , 0     , 0.40  , 0.10  , 0.183  , 0.087  , 0.135    , 0.051   , 0.072   , 0.062     , 0.11  
tab44.txt    , joint  , 0     , 0.40  , 0.10  , 0.195  , 0.067  , 0.131    , 0.086   , 0.021   , 0.054     , 0.10  
tab45.txt    , joint  , 0     , 0.40  , 0.10  , 0.200  , 0.063  , 0.132    , 0.065   , 0.046   , 0.056     , 0.10  
tab46.txt    , joint  , 0     , 0.40  , 0.10  , 0.207  , 0.068  , 0.138    , 0.089   , 0.095   , 0.092     , 0.11  
tab47.txt    , joint  , 0     , 0.40  , 0.10  , 0.211  , 0.093  , 0.152    , 0.065   , 0.102   , 0.084     , 0.10  
tab48.txt    , joint  , 0     , 0.40  , 0.10  , 0.195  , 0.083  , 0.139    , 0.105   , 0.094   , 0.099     , 0.10  
tab49.txt    , joint  , 0     , 0.40  , 0.10  , 0.215  , 0.067  , 0.141    , 0.063   , 0.098   , 0.081     , 0.10  
tab5.txt     , joint  , 0     , 0.40  , 0.10  , 0.211  , 0.081  , 0.146    , 0.042   , 0.096   , 0.069     , 0.13  
tab50.txt    , joint  , 0     , 0.40  , 0.10  , 0.212  , 0.205  , 0.208    , 0.088   , 0.116   , 0.102     , 0.11  
tab51.txt    , joint  , 0     , 0.40  , 0.10  , 0.204  , 0.073  , 0.139    , 0.110   , 0.053   , 0.081     , 0.10  
tab52.txt    , joint  , 0     , 0.40  , 0.10  , 0.205  , 0.065  , 0.135    , 0.073   , 0.049   , 0.061     , 0.13  
tab53.txt    , joint  , 0     , 0.40  , 0.10  , 0.191  , 0.120  , 0.155    , 0.093   , 0.070   , 0.081     , 0.10  
tab54.txt    , joint  , 0     , 0.40  , 0.10  , 0.202  , 0.080  , 0.141    , 0.085   , 0.039   , 0.062     , 0.11  
tab55.txt    , joint  , 0     , 0.40  , 0.10  , 0.210  , 0.062  , 0.136    , 0.048   , 0.046   , 0.047     , 0.13  
tab56.txt    , joint  , 0     , 0.40  , 0.10  , 0.213  , 0.075  , 0.144    , 0.090   , 0.041   , 0.065     , 0.10  
tab57.txt    , joint  , 0     , 0.40  , 0.10  , 0.194  , 0.066  , 0.130    , 0.122   , 0.094   , 0.108     , 0.10  
tab58.txt    , joint  , 0     , 0.40  , 0.10  , 0.204  , 0.049  , 0.127    , 0.047   , 0.021   , 0.034     , 0.13  
tab59.txt    , joint  , 0     , 0.40  , 0.10  , 0.217  , 0.071  , 0.144    , 0.076   , 0.050   , 0.063     , 0.10  
tab6.txt     , joint  , 0     , 0.40  , 0.10  , 0.205  , 0.081  , 0.143    , 0.109   , 0.081   , 0.095     , 0.11  
tab60.txt    , joint  , 0     , 0.40  , 0.10  , 0.207  , 0.056  , 0.132    , 0.075   , 0.054   , 0.064     , 0.13  
tab61.txt    , joint  , 0     , 0.40  , 0.10  , 0.204  , 0.053  , 0.129    , 0.042   , 0.054   , 0.048     , 0.10  
tab62.txt    , joint  , 0     , 0.40  , 0.10  , 0.208  , 0.074  , 0.141    , 0.059   , 0.060   , 0.060     , 0.10  
tab63.txt    , joint  , 0     , 0.40  , 0.10  , 0.200  , 0.071  , 0.136    , 0.098   , 0.040   , 0.069     , 0.14  
tab64.txt    , joint  , 0     , 0.40  , 0.10  , 0.234  , 0.071  , 0.152    , 0.168   , 0.051   , 0.110     , 0.10  
tab65.txt    , joint  , 0     , 0.40  , 0.10  , 0.185  , 0.056  , 0.120    , 0.085   , 0.041   , 0.063     , 0.11  
tab66.txt    , joint  , 0     , 0.40  , 0.10  , 0.184  , 0.065  , 0.124    , 0.102   , 0.074   , 0.088     , 0.13  
tab67.txt    , joint  , 0     , 0.40  , 0.10  , 0.199  , 0.171  , 0.185    , 0.092   , 0.117   , 0.105     , 0.10  
tab68.txt    , joint  , 0     , 0.40  , 0.10  , 0.204  , 0.068  , 0.136    , 0.090   , 0.059   , 0.074     , 0.11  
tab69.txt    , joint  , 0     , 0.40  , 0.10  , 0.201  , 0.072  , 0.137    , 0.071   , 0.024   , 0.048     , 0.13  
tab7.txt     , joint  , 0     , 0.40  , 0.10  , 0.223  , 0.049  , 0.136    , 0.081   , 0.061   , 0.071     , 0.10  
tab70.txt    , joint  , 0     , 0.40  , 0.10  , 0.208  , 0.069  , 0.139    , 0.096   , 0.083   , 0.089     , 0.11  
tab71.txt    , joint  , 0     , 0.40  , 0.10  , 0.188  , 0.063  , 0.126    , 0.069   , 0.050   , 0.059     , 0.13  
tab72.txt    , joint  , 0     , 0.40  , 0.10  , 0.215  , 0.084  , 0.149    , 0.106   , 0.101   , 0.103     , 0.10  
tab73.txt    , joint  , 0     , 0.40  , 0.10  , 0.217  , 0.063  , 0.140    , 0.059   , 0.088   , 0.074     , 0.10  
tab74.txt    , joint  , 0     , 0.40  , 0.10  , 0.190  , 0.061  , 0.126    , 0.067   , 0.082   , 0.075     , 0.13  
tab75.txt    , joint  , 0     , 0.40  , 0.10  , 0.214  , 0.062  , 0.138    , 0.064   , 0.064   , 0.064     , 0.10  
tab76.txt    , joint  , 0     , 0.40  , 0.10  , 0.260  , 0.059  , 0.160    , 0.152   , 0.052   , 0.102     , 0.11  
tab77.txt    , joint  , 0     , 0.40  , 0.10  , 0.224  , 0.055  , 0.140    , 0.054   , 0.076   , 0.065     , 0.14  
tab78.txt    , joint  , 0     , 0.40  , 0.10  , 0.202  , 0.076  , 0.139    , 0.143   , 0.081   , 0.112     , 0.10  
tab79.txt    , joint  , 0     , 0.40  , 0.10  , 0.234  , 0.130  , 0.182    , 0.055   , 0.120   , 0.088     , 0.11  
tab8.txt     , joint  , 0     , 0.40  , 0.10  , 0.244  , 0.066  , 0.155    , 0.074   , 0.030   , 0.052     , 0.13  
tab80.txt    , joint  , 0     , 0.40  , 0.10  , 0.215  , 0.063  , 0.139    , 0.064   , 0.056   , 0.060     , 0.10  
tab81.txt    , joint  , 0     , 0.40  , 0.10  , 0.195  , 0.067  , 0.131    , 0.063   , 0.039   , 0.051     , 0.10  
tab82.txt    , joint  , 0     , 0.40  , 0.10  , 0.208  , 0.063  , 0.136    , 0.111   , 0.063   , 0.087     , 0.13  
tab83.txt    , joint  , 0     , 0.40  , 0.10  , 0.196  , 0.062  , 0.129    , 0.075   , 0.045   , 0.060     , 0.10  
tab84.txt    , joint  , 0     , 0.40  , 0.10  , 0.211  , 0.142  , 0.176    , 0.119   , 0.121   , 0.120     , 0.11  
tab85.txt    , joint  , 0     , 0.40  , 0.10  , 0.222  , 0.070  , 0.146    , 0.096   , 0.044   , 0.070     , 0.13  
tab86.txt    , joint  , 0     , 0.40  , 0.10  , 0.192  , 0.274  , 0.233    , 0.076   , 0.137   , 0.107     , 0.11  
tab87.txt    , joint  , 0     , 0.40  , 0.10  , 0.214  , 0.053  , 0.134    , 0.108   , 0.015   , 0.061     , 0.10  
tab88.txt    , joint  , 0     , 0.40  , 0.10  , 0.222  , 0.074  , 0.148    , 0.048   , 0.060   , 0.054     , 0.13  
tab89.txt    , joint  , 0     , 0.40  , 0.10  , 0.195  , 0.139  , 0.167    , 0.130   , 0.162   , 0.146     , 0.10  
tab9.txt     , joint  , 0     , 0.40  , 0.10  , 0.222  , 0.059  , 0.141    , 0.082   , 0.057   , 0.070     , 0.10  
tab90.txt    , joint  , 0     , 0.40  , 0.10  , 0.217  , 0.075  , 0.146    , 0.080   , 0.025   , 0.053     , 0.13  
tab91.txt    , joint  , 0     , 0.40  , 0.10  , 0.180  , 0.137  , 0.159    , 0.126   , 0.107   , 0.117     , 0.10  
tab92.txt    , joint  , 0     , 0.40  , 0.10  , 0.194  , 0.080  , 0.137    , 0.084   , 0.089   , 0.086     , 0.11  
tab93.txt    , joint  , 0     , 0.40  , 0.10  , 0.206  , 0.156  , 0.181    , 0.081   , 0.119   , 0.100     , 0.13  
tab94.txt    , joint  , 0     , 0.40  , 0.10  , 0.214  , 0.081  , 0.147    , 0.131   , 0.077   , 0.104     , 0.11  
tab95.txt    , joint  , 0     , 0.40  , 0.10  , 0.234  , 0.073  , 0.153    , 0.104   , 0.065   , 0.084     , 0.10  
tab96.txt    , joint  , 0     , 0.40  , 0.10  , 0.197  , 0.075  , 0.136    , 0.081   , 0.030   , 0.056     , 0.13  
tab97.txt    , joint  , 0     , 0.40  , 0.10  , 0.230  , 0.074  , 0.152    , 0.098   , 0.067   , 0.082     , 0.11  
tab98.txt    , joint  , 0     , 0.40  , 0.10  , 0.223  , 0.139  , 0.181    , 0.111   , 0.111   , 0.111     , 0.10  
tab99.txt    , joint  , 0     , 0.40  , 0.10  , 0.208  , 0.069  , 0.139    , 0.065   , 0.053   , 0.059     , 0.13  
